Build started 27/01/2016 12:31:27.
     1>Project "C:\Users\lab422\Desktop\build\lib\libcurl.vcxproj" on node 2 (Build target(s)).
     1>CustomBuild:
         Building Custom Rule C:/Users/lab422/Downloads/curl-7.47.0/curl-7.47.0/lib/CMakeLists.txt
         CMake does not need to re-run because C:\Users\lab422\Desktop\build\lib\CMakeFiles\generate.stamp is up-to-date.
       ClCompile:
         C:\Program Files (x86)\Microsoft Visual Studio 12.0\VC\bin\CL.exe /c /IC:\Users\lab422\Desktop\build\include\curl /I"C:\Users\lab422\Downloads\curl-7.47.0\curl-7.47.0\include" /IC:\Users\lab422\Desktop\build\lib\..\include /I"C:\Users\lab422\Downloads\curl-7.47.0\curl-7.47.0\lib\.." /I"C:\Users\lab422\Downloads\curl-7.47.0\curl-7.47.0\lib\..\include" /IC:\Users\lab422\Desktop\build\lib\.. /I"C:\Users\lab422\Downloads\curl-7.47.0\curl-7.47.0\lib" /IC:\Users\lab422\Desktop\build\lib /Zi /nologo /W3 /WX- /Od /Ob0 /Oy- /D WIN32 /D _WINDOWS /D _DEBUG /D BUILDING_LIBCURL /D HAVE_CONFIG_H /D _WIN32_WINNT=0x0501 /D _CRT_SECURE_NO_DEPRECATE /D _CRT_NONSTDC_NO_DEPRECATE /D _USRDLL /D "CMAKE_INTDIR=\"Debug\"" /D _MBCS /Gm- /RTC1 /MDd /GS /fp:precise /Zc:wchar_t /Zc:forScope /Fo"libcurl.dir\Debug\\" /Fd"libcurl.dir\Debug\vc120.pdb" /Gd /TC /analyze- /errorReport:prompt "C:\Users\lab422\Downloads\curl-7.47.0\curl-7.47.0\lib\file.c" "C:\Users\lab422\Downloads\curl-7.47.0\curl-7.47.0\lib\timeval.c" "C:\Users\lab422\Downloads\curl-7.47.0\curl-7.47.0\lib\base64.c" "C:\Users\lab422\Downloads\curl-7.47.0\curl-7.47.0\lib\hostip.c" "C:\Users\lab422\Downloads\curl-7.47.0\curl-7.47.0\lib\progress.c" "C:\Users\lab422\Downloads\curl-7.47.0\curl-7.47.0\lib\formdata.c" "C:\Users\lab422\Downloads\curl-7.47.0\curl-7.47.0\lib\cookie.c" "C:\Users\lab422\Downloads\curl-7.47.0\curl-7.47.0\lib\http.c" "C:\Users\lab422\Downloads\curl-7.47.0\curl-7.47.0\lib\sendf.c" "C:\Users\lab422\Downloads\curl-7.47.0\curl-7.47.0\lib\ftp.c" "C:\Users\lab422\Downloads\curl-7.47.0\curl-7.47.0\lib\url.c" "C:\Users\lab422\Downloads\curl-7.47.0\curl-7.47.0\lib\dict.c" "C:\Users\lab422\Downloads\curl-7.47.0\curl-7.47.0\lib\if2ip.c" "C:\Users\lab422\Downloads\curl-7.47.0\curl-7.47.0\lib\speedcheck.c" "C:\Users\lab422\Downloads\curl-7.47.0\curl-7.47.0\lib\ldap.c" "C:\Users\lab422\Downloads\curl-7.47.0\curl-7.47.0\lib\version.c" "C:\Users\lab422\Downloads\curl-7.47.0\curl-7.47.0\lib\getenv.c" "C:\Users\lab422\Downloads\curl-7.47.0\curl-7.47.0\lib\escape.c" "C:\Users\lab422\Downloads\curl-7.47.0\curl-7.47.0\lib\mprintf.c" "C:\Users\lab422\Downloads\curl-7.47.0\curl-7.47.0\lib\telnet.c" "C:\Users\lab422\Downloads\curl-7.47.0\curl-7.47.0\lib\netrc.c" "C:\Users\lab422\Downloads\curl-7.47.0\curl-7.47.0\lib\getinfo.c" "C:\Users\lab422\Downloads\curl-7.47.0\curl-7.47.0\lib\transfer.c" "C:\Users\lab422\Downloads\curl-7.47.0\curl-7.47.0\lib\strequal.c" "C:\Users\lab422\Downloads\curl-7.47.0\curl-7.47.0\lib\easy.c" "C:\Users\lab422\Downloads\curl-7.47.0\curl-7.47.0\lib\security.c" "C:\Users\lab422\Downloads\curl-7.47.0\curl-7.47.0\lib\curl_fnmatch.c" "C:\Users\lab422\Downloads\curl-7.47.0\curl-7.47.0\lib\fileinfo.c" "C:\Users\lab422\Downloads\curl-7.47.0\curl-7.47.0\lib\ftplistparser.c" "C:\Users\lab422\Downloads\curl-7.47.0\curl-7.47.0\lib\wildcard.c" "C:\Users\lab422\Downloads\curl-7.47.0\curl-7.47.0\lib\krb5.c" "C:\Users\lab422\Downloads\curl-7.47.0\curl-7.47.0\lib\memdebug.c" "C:\Users\lab422\Downloads\curl-7.47.0\curl-7.47.0\lib\http_chunks.c" "C:\Users\lab422\Downloads\curl-7.47.0\curl-7.47.0\lib\strtok.c" "C:\Users\lab422\Downloads\curl-7.47.0\curl-7.47.0\lib\connect.c" "C:\Users\lab422\Downloads\curl-7.47.0\curl-7.47.0\lib\llist.c" "C:\Users\lab422\Downloads\curl-7.47.0\curl-7.47.0\lib\hash.c" "C:\Users\lab422\Downloads\curl-7.47.0\curl-7.47.0\lib\multi.c" "C:\Users\lab422\Downloads\curl-7.47.0\curl-7.47.0\lib\content_encoding.c" "C:\Users\lab422\Downloads\curl-7.47.0\curl-7.47.0\lib\share.c" "C:\Users\lab422\Downloads\curl-7.47.0\curl-7.47.0\lib\http_digest.c" "C:\Users\lab422\Downloads\curl-7.47.0\curl-7.47.0\lib\md4.c" "C:\Users\lab422\Downloads\curl-7.47.0\curl-7.47.0\lib\md5.c" "C:\Users\lab422\Downloads\curl-7.47.0\curl-7.47.0\lib\http_negotiate.c" "C:\Users\lab422\Downloads\curl-7.47.0\curl-7.47.0\lib\inet_pton.c" "C:\Users\lab422\Downloads\curl-7.47.0\curl-7.47.0\lib\strtoofft.c" "C:\Users\lab422\Downloads\curl-7.47.0\curl-7.47.0\lib\strerror.c" "C:\Users\lab422\Downloads\curl-7.47.0\curl-7.47.0\lib\amigaos.c" "C:\Users\lab422\Downloads\curl-7.47.0\curl-7.47.0\lib\hostasyn.c" "C:\Users\lab422\Downloads\curl-7.47.0\curl-7.47.0\lib\hostip4.c" "C:\Users\lab422\Downloads\curl-7.47.0\curl-7.47.0\lib\hostip6.c" "C:\Users\lab422\Downloads\curl-7.47.0\curl-7.47.0\lib\hostsyn.c" "C:\Users\lab422\Downloads\curl-7.47.0\curl-7.47.0\lib\inet_ntop.c" "C:\Users\lab422\Downloads\curl-7.47.0\curl-7.47.0\lib\parsedate.c" "C:\Users\lab422\Downloads\curl-7.47.0\curl-7.47.0\lib\select.c" "C:\Users\lab422\Downloads\curl-7.47.0\curl-7.47.0\lib\tftp.c" "C:\Users\lab422\Downloads\curl-7.47.0\curl-7.47.0\lib\splay.c" "C:\Users\lab422\Downloads\curl-7.47.0\curl-7.47.0\lib\strdup.c" "C:\Users\lab422\Downloads\curl-7.47.0\curl-7.47.0\lib\socks.c" "C:\Users\lab422\Downloads\curl-7.47.0\curl-7.47.0\lib\ssh.c" "C:\Users\lab422\Downloads\curl-7.47.0\curl-7.47.0\lib\rawstr.c" "C:\Users\lab422\Downloads\curl-7.47.0\curl-7.47.0\lib\curl_addrinfo.c" "C:\Users\lab422\Downloads\curl-7.47.0\curl-7.47.0\lib\socks_gssapi.c" "C:\Users\lab422\Downloads\curl-7.47.0\curl-7.47.0\lib\socks_sspi.c" "C:\Users\lab422\Downloads\curl-7.47.0\curl-7.47.0\lib\curl_sspi.c" "C:\Users\lab422\Downloads\curl-7.47.0\curl-7.47.0\lib\slist.c" "C:\Users\lab422\Downloads\curl-7.47.0\curl-7.47.0\lib\nonblock.c" "C:\Users\lab422\Downloads\curl-7.47.0\curl-7.47.0\lib\curl_memrchr.c" "C:\Users\lab422\Downloads\curl-7.47.0\curl-7.47.0\lib\imap.c" "C:\Users\lab422\Downloads\curl-7.47.0\curl-7.47.0\lib\pop3.c" "C:\Users\lab422\Downloads\curl-7.47.0\curl-7.47.0\lib\smtp.c" "C:\Users\lab422\Downloads\curl-7.47.0\curl-7.47.0\lib\pingpong.c" "C:\Users\lab422\Downloads\curl-7.47.0\curl-7.47.0\lib\rtsp.c" "C:\Users\lab422\Downloads\curl-7.47.0\curl-7.47.0\lib\curl_threads.c" "C:\Users\lab422\Downloads\curl-7.47.0\curl-7.47.0\lib\warnless.c" "C:\Users\lab422\Downloads\curl-7.47.0\curl-7.47.0\lib\hmac.c" "C:\Users\lab422\Downloads\curl-7.47.0\curl-7.47.0\lib\curl_rtmp.c" "C:\Users\lab422\Downloads\curl-7.47.0\curl-7.47.0\lib\openldap.c" "C:\Users\lab422\Downloads\curl-7.47.0\curl-7.47.0\lib\curl_gethostname.c" "C:\Users\lab422\Downloads\curl-7.47.0\curl-7.47.0\lib\gopher.c" "C:\Users\lab422\Downloads\curl-7.47.0\curl-7.47.0\lib\idn_win32.c" "C:\Users\lab422\Downloads\curl-7.47.0\curl-7.47.0\lib\http_negotiate_sspi.c" "C:\Users\lab422\Downloads\curl-7.47.0\curl-7.47.0\lib\http_proxy.c" "C:\Users\lab422\Downloads\curl-7.47.0\curl-7.47.0\lib\non-ascii.c" "C:\Users\lab422\Downloads\curl-7.47.0\curl-7.47.0\lib\asyn-ares.c" "C:\Users\lab422\Downloads\curl-7.47.0\curl-7.47.0\lib\asyn-thread.c" "C:\Users\lab422\Downloads\curl-7.47.0\curl-7.47.0\lib\curl_gssapi.c" "C:\Users\lab422\Downloads\curl-7.47.0\curl-7.47.0\lib\curl_ntlm.c" "C:\Users\lab422\Downloads\curl-7.47.0\curl-7.47.0\lib\curl_ntlm_wb.c" "C:\Users\lab422\Downloads\curl-7.47.0\curl-7.47.0\lib\curl_ntlm_core.c" "C:\Users\lab422\Downloads\curl-7.47.0\curl-7.47.0\lib\curl_ntlm_msgs.c" "C:\Users\lab422\Downloads\curl-7.47.0\curl-7.47.0\lib\curl_sasl.c" "C:\Users\lab422\Downloads\curl-7.47.0\curl-7.47.0\lib\curl_multibyte.c" "C:\Users\lab422\Downloads\curl-7.47.0\curl-7.47.0\lib\hostcheck.c" "C:\Users\lab422\Downloads\curl-7.47.0\curl-7.47.0\lib\conncache.c" "C:\Users\lab422\Downloads\curl-7.47.0\curl-7.47.0\lib\pipeline.c" "C:\Users\lab422\Downloads\curl-7.47.0\curl-7.47.0\lib\dotdot.c" "C:\Users\lab422\Downloads\curl-7.47.0\curl-7.47.0\lib\x509asn1.c" "C:\Users\lab422\Downloads\curl-7.47.0\curl-7.47.0\lib\http2.c" "C:\Users\lab422\Downloads\curl-7.47.0\curl-7.47.0\lib\curl_sasl_sspi.c" "C:\Users\lab422\Downloads\curl-7.47.0\curl-7.47.0\lib\smb.c" "C:\Users\lab422\Downloads\curl-7.47.0\curl-7.47.0\lib\curl_sasl_gssapi.c" "C:\Users\lab422\Downloads\curl-7.47.0\curl-7.47.0\lib\curl_endian.c" "C:\Users\lab422\Downloads\curl-7.47.0\curl-7.47.0\lib\curl_des.c" "C:\Users\lab422\Downloads\curl-7.47.0\curl-7.47.0\lib\vtls\openssl.c" "C:\Users\lab422\Downloads\curl-7.47.0\curl-7.47.0\lib\vtls\gtls.c" "C:\Users\lab422\Downloads\curl-7.47.0\curl-7.47.0\lib\vtls\vtls.c" "C:\Users\lab422\Downloads\curl-7.47.0\curl-7.47.0\lib\vtls\nss.c" "C:\Users\lab422\Downloads\curl-7.47.0\curl-7.47.0\lib\vtls\polarssl.c" "C:\Users\lab422\Downloads\curl-7.47.0\curl-7.47.0\lib\vtls\polarssl_threadlock.c" "C:\Users\lab422\Downloads\curl-7.47.0\curl-7.47.0\lib\vtls\axtls.c" "C:\Users\lab422\Downloads\curl-7.47.0\curl-7.47.0\lib\vtls\cyassl.c" "C:\Users\lab422\Downloads\curl-7.47.0\curl-7.47.0\lib\vtls\schannel.c" "C:\Users\lab422\Downloads\curl-7.47.0\curl-7.47.0\lib\vtls\darwinssl.c" "C:\Users\lab422\Downloads\curl-7.47.0\curl-7.47.0\lib\vtls\gskit.c" "C:\Users\lab422\Downloads\curl-7.47.0\curl-7.47.0\lib\vtls\mbedtls.c"
         file.c
     1>C:\Users\lab422\Downloads\curl-7.47.0\curl-7.47.0\lib\file.c(546): warning C4244: 'function' : conversion from 'curl_off_t' to 'long', possible loss of data
         timeval.c
         base64.c
         hostip.c
         progress.c
         formdata.c
         cookie.c
         http.c
         sendf.c
         ftp.c
         url.c
         dict.c
         if2ip.c
         speedcheck.c
         ldap.c
         version.c
         getenv.c
         escape.c
         mprintf.c
         telnet.c
         Generating Code...
         Compiling...
         netrc.c
         getinfo.c
         transfer.c
         strequal.c
         easy.c
         security.c
         curl_fnmatch.c
         fileinfo.c
         ftplistparser.c
         wildcard.c
         krb5.c
         memdebug.c
         http_chunks.c
         strtok.c
         connect.c
         llist.c
         hash.c
         multi.c
         content_encoding.c
         share.c
         Generating Code...
         Compiling...
         http_digest.c
         md4.c
         md5.c
         http_negotiate.c
         inet_pton.c
         strtoofft.c
         strerror.c
         amigaos.c
         hostasyn.c
         hostip4.c
         hostip6.c
         hostsyn.c
         inet_ntop.c
         parsedate.c
         select.c
         tftp.c
         splay.c
         strdup.c
         socks.c
         ssh.c
         Generating Code...
         Compiling...
         rawstr.c
         curl_addrinfo.c
         socks_gssapi.c
         socks_sspi.c
         curl_sspi.c
         slist.c
         nonblock.c
         curl_memrchr.c
         imap.c
         pop3.c
         smtp.c
         pingpong.c
         rtsp.c
         curl_threads.c
         warnless.c
         hmac.c
         curl_rtmp.c
         openldap.c
         curl_gethostname.c
         gopher.c
         Generating Code...
         Compiling...
         idn_win32.c
         http_negotiate_sspi.c
         http_proxy.c
         non-ascii.c
         asyn-ares.c
         asyn-thread.c
         curl_gssapi.c
         curl_ntlm.c
         curl_ntlm_wb.c
         curl_ntlm_core.c
         curl_ntlm_msgs.c
         curl_sasl.c
         curl_multibyte.c
         hostcheck.c
         conncache.c
         pipeline.c
         dotdot.c
         x509asn1.c
         http2.c
         curl_sasl_sspi.c
         Generating Code...
         Compiling...
         smb.c
         curl_sasl_gssapi.c
         curl_endian.c
         curl_des.c
         openssl.c
         gtls.c
         vtls.c
         nss.c
         polarssl.c
         polarssl_threadlock.c
         axtls.c
         cyassl.c
         schannel.c
         darwinssl.c
         gskit.c
         mbedtls.c
         Generating Code...
       ResourceCompile:
         C:\Program Files (x86)\Windows Kits\8.1\bin\x86\rc.exe /D WIN32 /D _WINDOWS /D _DEBUG /D BUILDING_LIBCURL /D HAVE_CONFIG_H /D _WIN32_WINNT=0x0501 /D _CRT_SECURE_NO_DEPRECATE /D _CRT_NONSTDC_NO_DEPRECATE /D _USRDLL /D "CMAKE_INTDIR=\\\"Debug\\\"" /l"0x0409" /IC:\Users\lab422\Desktop\build\include\curl /I"C:\Users\lab422\Downloads\curl-7.47.0\curl-7.47.0\include" /IC:\Users\lab422\Desktop\build\lib\..\include /I"C:\Users\lab422\Downloads\curl-7.47.0\curl-7.47.0\lib\.." /I"C:\Users\lab422\Downloads\curl-7.47.0\curl-7.47.0\lib\..\include" /IC:\Users\lab422\Desktop\build\lib\.. /I"C:\Users\lab422\Downloads\curl-7.47.0\curl-7.47.0\lib" /IC:\Users\lab422\Desktop\build\lib /nologo /fo"libcurl.dir\Debug\libcurl.res" C:\Users\lab422\Downloads\curl-7.47.0\curl-7.47.0\lib\libcurl.rc 
       Lib:
         C:\Program Files (x86)\Microsoft Visual Studio 12.0\VC\bin\Lib.exe /OUT:"C:\Users\lab422\Desktop\build\lib\Debug\libcurl.lib" /NOLOGO  /machine:X86 /machine:X86 libcurl.dir\Debug\libcurl.res
         libcurl.dir\Debug\file.obj
         libcurl.dir\Debug\timeval.obj
         libcurl.dir\Debug\base64.obj
         libcurl.dir\Debug\hostip.obj
         libcurl.dir\Debug\progress.obj
         libcurl.dir\Debug\formdata.obj
         libcurl.dir\Debug\cookie.obj
         libcurl.dir\Debug\http.obj
         libcurl.dir\Debug\sendf.obj
         libcurl.dir\Debug\ftp.obj
         libcurl.dir\Debug\url.obj
         libcurl.dir\Debug\dict.obj
         libcurl.dir\Debug\if2ip.obj
         libcurl.dir\Debug\speedcheck.obj
         libcurl.dir\Debug\ldap.obj
         libcurl.dir\Debug\version.obj
         libcurl.dir\Debug\getenv.obj
         libcurl.dir\Debug\escape.obj
         libcurl.dir\Debug\mprintf.obj
         libcurl.dir\Debug\telnet.obj
         libcurl.dir\Debug\netrc.obj
         libcurl.dir\Debug\getinfo.obj
         libcurl.dir\Debug\transfer.obj
         libcurl.dir\Debug\strequal.obj
         libcurl.dir\Debug\easy.obj
         libcurl.dir\Debug\security.obj
         libcurl.dir\Debug\curl_fnmatch.obj
         libcurl.dir\Debug\fileinfo.obj
         libcurl.dir\Debug\ftplistparser.obj
         libcurl.dir\Debug\wildcard.obj
         libcurl.dir\Debug\krb5.obj
         libcurl.dir\Debug\memdebug.obj
         libcurl.dir\Debug\http_chunks.obj
         libcurl.dir\Debug\strtok.obj
         libcurl.dir\Debug\connect.obj
         libcurl.dir\Debug\llist.obj
         libcurl.dir\Debug\hash.obj
         libcurl.dir\Debug\multi.obj
         libcurl.dir\Debug\content_encoding.obj
         libcurl.dir\Debug\share.obj
         libcurl.dir\Debug\http_digest.obj
         libcurl.dir\Debug\md4.obj
         libcurl.dir\Debug\md5.obj
         libcurl.dir\Debug\http_negotiate.obj
         libcurl.dir\Debug\inet_pton.obj
         libcurl.dir\Debug\strtoofft.obj
         libcurl.dir\Debug\strerror.obj
         libcurl.dir\Debug\amigaos.obj
         libcurl.dir\Debug\hostasyn.obj
         libcurl.dir\Debug\hostip4.obj
         libcurl.dir\Debug\hostip6.obj
         libcurl.dir\Debug\hostsyn.obj
         libcurl.dir\Debug\inet_ntop.obj
         libcurl.dir\Debug\parsedate.obj
         libcurl.dir\Debug\select.obj
         libcurl.dir\Debug\tftp.obj
         libcurl.dir\Debug\splay.obj
         libcurl.dir\Debug\strdup.obj
         libcurl.dir\Debug\socks.obj
         libcurl.dir\Debug\ssh.obj
         libcurl.dir\Debug\rawstr.obj
         libcurl.dir\Debug\curl_addrinfo.obj
         libcurl.dir\Debug\socks_gssapi.obj
         libcurl.dir\Debug\socks_sspi.obj
         libcurl.dir\Debug\curl_sspi.obj
         libcurl.dir\Debug\slist.obj
         libcurl.dir\Debug\nonblock.obj
         libcurl.dir\Debug\curl_memrchr.obj
         libcurl.dir\Debug\imap.obj
         libcurl.dir\Debug\pop3.obj
         libcurl.dir\Debug\smtp.obj
         libcurl.dir\Debug\pingpong.obj
         libcurl.dir\Debug\rtsp.obj
         libcurl.dir\Debug\curl_threads.obj
         libcurl.dir\Debug\warnless.obj
         libcurl.dir\Debug\hmac.obj
         libcurl.dir\Debug\curl_rtmp.obj
         libcurl.dir\Debug\openldap.obj
         libcurl.dir\Debug\curl_gethostname.obj
         libcurl.dir\Debug\gopher.obj
         libcurl.dir\Debug\idn_win32.obj
         libcurl.dir\Debug\http_negotiate_sspi.obj
         libcurl.dir\Debug\http_proxy.obj
         "libcurl.dir\Debug\non-ascii.obj"
         "libcurl.dir\Debug\asyn-ares.obj"
         "libcurl.dir\Debug\asyn-thread.obj"
         libcurl.dir\Debug\curl_gssapi.obj
         libcurl.dir\Debug\curl_ntlm.obj
         libcurl.dir\Debug\curl_ntlm_wb.obj
         libcurl.dir\Debug\curl_ntlm_core.obj
         libcurl.dir\Debug\curl_ntlm_msgs.obj
         libcurl.dir\Debug\curl_sasl.obj
         libcurl.dir\Debug\curl_multibyte.obj
         libcurl.dir\Debug\hostcheck.obj
         libcurl.dir\Debug\conncache.obj
         libcurl.dir\Debug\pipeline.obj
         libcurl.dir\Debug\dotdot.obj
         libcurl.dir\Debug\x509asn1.obj
         libcurl.dir\Debug\http2.obj
         libcurl.dir\Debug\curl_sasl_sspi.obj
         libcurl.dir\Debug\smb.obj
         libcurl.dir\Debug\curl_sasl_gssapi.obj
         libcurl.dir\Debug\curl_endian.obj
         libcurl.dir\Debug\curl_des.obj
         libcurl.dir\Debug\openssl.obj
         libcurl.dir\Debug\gtls.obj
         libcurl.dir\Debug\vtls.obj
         libcurl.dir\Debug\nss.obj
         libcurl.dir\Debug\polarssl.obj
         libcurl.dir\Debug\polarssl_threadlock.obj
         libcurl.dir\Debug\axtls.obj
         libcurl.dir\Debug\cyassl.obj
         libcurl.dir\Debug\schannel.obj
         libcurl.dir\Debug\darwinssl.obj
         libcurl.dir\Debug\gskit.obj
         libcurl.dir\Debug\mbedtls.obj
         libcurl.vcxproj -> C:\Users\lab422\Desktop\build\lib\Debug\libcurl.lib
     1>Done Building Project "C:\Users\lab422\Desktop\build\lib\libcurl.vcxproj" (Build target(s)).

Build succeeded.

Time Elapsed 00:00:19.65
