d:\projects\towerd\towerd\temp\towerd.pch
d:\projects\towerd\towerd\temp\vc120.pdb
d:\projects\towerd\towerd\temp\vc120.idb
d:\projects\towerd\towerd\temp\stdafx.obj
d:\projects\towerd\towerd\temp\button.obj
d:\projects\towerd\towerd\temp\camera.obj
d:\projects\towerd\towerd\temp\config.obj
d:\projects\towerd\towerd\temp\core.obj
d:\projects\towerd\towerd\temp\enemy.obj
d:\projects\towerd\towerd\temp\entity.obj
d:\projects\towerd\towerd\temp\gun.obj
d:\projects\towerd\towerd\temp\level.obj
d:\projects\towerd\towerd\temp\menu.obj
d:\projects\towerd\towerd\temp\player.obj
d:\projects\towerd\towerd\temp\renderer.obj
d:\projects\towerd\towerd\temp\soundmanager.obj
d:\projects\towerd\towerd\temp\sprite.obj
d:\projects\towerd\towerd\temp\text.obj
d:\projects\towerd\towerd\temp\tile.obj
d:\projects\towerd\towerd\temp\towerd.obj
d:\projects\towerd\towerd\temp\turret.obj
d:\projects\towerd\towerd\temp\explosion.obj
d:\projects\towerd\temp\towerd.ilk
d:\projects\towerd\temp\towerd.exe
d:\projects\towerd\temp\towerd.pdb
d:\projects\towerd\towerd\temp\towerd.tlog\cl.command.1.tlog
d:\projects\towerd\towerd\temp\towerd.tlog\cl.read.1.tlog
d:\projects\towerd\towerd\temp\towerd.tlog\cl.write.1.tlog
d:\projects\towerd\towerd\temp\towerd.tlog\link.command.1.tlog
d:\projects\towerd\towerd\temp\towerd.tlog\link.read.1.tlog
d:\projects\towerd\towerd\temp\towerd.tlog\link.write.1.tlog
